<?xml version="1.0" encoding="UTF-8"?>
<testsuite name="RealizableMethods.CalculatorTest" tests="4" skipped="0" failures="0" errors="0" timestamp="2021-04-04T09:04:22" hostname="DESKTOP-TVN4PD6" time="0.015">
  <properties/>
  <testcase name="testAdd()" classname="RealizableMethods.CalculatorTest" time="0.012"/>
  <testcase name="testDiv()" classname="RealizableMethods.CalculatorTest" time="0.0"/>
  <testcase name="testMul()" classname="RealizableMethods.CalculatorTest" time="0.0"/>
  <testcase name="testSub()" classname="RealizableMethods.CalculatorTest" time="0.0"/>
  <system-out><![CDATA[]]></system-out>
  <system-err><![CDATA[]]></system-err>
</testsuite>
